\BOOKMARK [1][]{section.2}{1 Einleitung}{}% 1
\BOOKMARK [1][]{section.6}{2 Grundlage und Datenbasis}{}% 2
\BOOKMARK [2][]{subsection.7}{2.1 Das Cranach Digital Archive}{section.6}% 3
\BOOKMARK [3][]{subsubsection.8}{2.1.1 Lucas Cranach der \304ltere}{subsection.7}% 4
\BOOKMARK [3][]{subsubsection.12}{2.1.2 Das Archiv im Allgemeinen}{subsection.7}% 5
\BOOKMARK [3][]{subsubsection.17}{2.1.3 Martin Luther als Junker J\366rg}{subsection.7}% 6
\BOOKMARK [2][]{subsection.18}{2.2 Virtual Reality im musealen Kontext}{section.6}% 7
\BOOKMARK [1][]{section.19}{3 Theoretische Einordnung}{}% 8
\BOOKMARK [2][]{subsection.20}{3.1 Nutzung von Virtual Reality}{section.19}% 9
\BOOKMARK [2][]{subsection.21}{3.2 Aktueller Forschungsstand}{section.19}% 10
\BOOKMARK [1][]{section.22}{4 Prototyping}{}% 11
\BOOKMARK [2][]{subsection.23}{4.1 Auswahl der Technologie}{section.22}% 12
\BOOKMARK [2][]{subsection.24}{4.2 Umsetzung der Softwareentwicklung}{section.22}% 13
\BOOKMARK [1][]{section.25}{5 Ergebnisse}{}% 14
\BOOKMARK [1][]{section.26}{6 Diskussion und Fazit}{}% 15
\BOOKMARK [1][]{section.27}{7 Anhang}{}% 16
\BOOKMARK [2][]{subsection.28}{7.1 Abbildungen}{section.27}% 17
\BOOKMARK [2][]{subsection.29}{7.2 Literaturverzeichnis}{section.27}% 18
\BOOKMARK [2][]{subsection.31}{7.3 Abbildungsverzeichnis}{section.27}% 19
\BOOKMARK [2][]{subsection.32}{7.4 Eidesstattliche Erkl\344rung}{section.27}% 20
