\BOOKMARK [1][]{section*.3}{Abbildungsverzeichnis}{}% 1
\BOOKMARK [1][]{section*.5}{Tabellenverzeichnis}{}% 2
\BOOKMARK [1][]{section.7}{1 Einleitung}{}% 3
\BOOKMARK [1][]{section.11}{2 Grundlage und Datenbasis}{}% 4
\BOOKMARK [2][]{subsection.12}{2.1 Das Cranach Digital Archive}{section.11}% 5
\BOOKMARK [3][]{subsubsection.13}{2.1.1 Lucas Cranach der \304ltere}{subsection.12}% 6
\BOOKMARK [3][]{subsubsection.14}{2.1.2 Martin Luther als Junker J\366rg}{subsection.12}% 7
\BOOKMARK [2][]{subsection.15}{2.2 Konzept und Nutzung von Virtual Reality}{section.11}% 8
\BOOKMARK [1][]{section.17}{3 Theoretische Einordnung}{}% 9
\BOOKMARK [2][]{subsection.18}{3.1 Aktueller Forschungsstand von Virtual Reality}{section.17}% 10
\BOOKMARK [3][]{subsubsection.19}{3.1.1 Entstehung}{subsection.18}% 11
\BOOKMARK [3][]{subsubsection.20}{3.1.2 Wahrnehmungsaspekte}{subsection.18}% 12
\BOOKMARK [3][]{subsubsection.21}{3.1.3 VR-Brillen}{subsection.18}% 13
\BOOKMARK [3][]{subsubsection.30}{3.1.4 Native und webbasierte Anwendungen}{subsection.18}% 14
\BOOKMARK [2][]{subsection.34}{3.2 Virtual Reality im musealen Kontext}{section.17}% 15
\BOOKMARK [3][]{subsubsection.35}{3.2.1 Chancen und Risiken}{subsection.34}% 16
\BOOKMARK [3][]{subsubsection.36}{3.2.2 Optimierung des Lernprozesses}{subsection.34}% 17
\BOOKMARK [3][]{subsubsection.37}{3.2.3 Aktuelle L\366sungen und Umsetzung}{subsection.34}% 18
\BOOKMARK [1][]{section.42}{4 Prototyping}{}% 19
\BOOKMARK [2][]{subsection.43}{4.1 Anforderungen an das VR-System}{section.42}% 20
\BOOKMARK [2][]{subsection.44}{4.2 Auswahl der Technologien}{section.42}% 21
\BOOKMARK [3][]{subsubsection.59}{4.2.1 Unity}{subsection.44}% 22
\BOOKMARK [3][]{subsubsection.63}{4.2.2 Unreal Engine}{subsection.44}% 23
\BOOKMARK [3][]{subsubsection.68}{4.2.3 React 360}{subsection.44}% 24
\BOOKMARK [3][]{subsubsection.71}{4.2.4 A-Frame}{subsection.44}% 25
\BOOKMARK [3][]{subsubsection.75}{4.2.5 Three.js}{subsection.44}% 26
\BOOKMARK [3][]{subsubsection.77}{4.2.6 Ergebnis}{subsection.44}% 27
\BOOKMARK [3][]{subsubsection.79}{4.2.7 Weitere Hilfsmittel}{subsection.44}% 28
\BOOKMARK [2][]{subsection.80}{4.3 Entwicklung der Prototypen}{section.42}% 29
\BOOKMARK [3][]{subsubsection.81}{4.3.1 Technischer Prototyp}{subsection.80}% 30
\BOOKMARK [3][]{subsubsection.104}{4.3.2 Lucas Cranachs Werkstatt}{subsection.80}% 31
\BOOKMARK [3][]{subsubsection.113}{4.3.3 Neuronales Netz}{subsection.80}% 32
\BOOKMARK [1][]{section.115}{5 Ergebnisse}{}% 33
\BOOKMARK [1][]{section.116}{6 Diskussion}{}% 34
\BOOKMARK [1][]{section.117}{7 Fazit}{}% 35
\BOOKMARK [1][]{section.118}{8 Nachwort}{}% 36
\BOOKMARK [1][]{section.119}{9 Quellenverzeichnis}{}% 37
\BOOKMARK [1][]{section*.121}{Erkl\344rung \374ber die selbst\344ndige Abfassung der Arbeit}{}% 38
